<?xml version="1.0" encoding="UTF-8"?>
<!-- Generated by org.testng.reporters.JUnitXMLReporter -->
<testsuite ignored="0" hostname="DESKTOP-SGPLFQ4" failures="0" tests="11" name="Default test" time="20.175" errors="0" timestamp="2024-08-20T17:07:16 EEST">
  <testcase classname="homePage.myTestCases" name="checkTheDefualtLangugeIsEnglish" time="0.056"/>
  <testcase classname="homePage.myTestCases" name="checkTheCurrencyIsSAR" time="0.032"/>
  <testcase classname="homePage.myTestCases" name="checkContactNumber" time="0.027"/>
  <testcase classname="homePage.myTestCases" name="checkQitafLogo" time="0.067"/>
  <testcase classname="homePage.myTestCases" name="TestHotelTabIsNotSelected" time="0.027"/>
  <testcase classname="homePage.myTestCases" name="checkDepatuerDate" time="0.048"/>
  <testcase classname="homePage.myTestCases" name="randomlyChangeTheLanguge" time="0.679"/>
  <testcase classname="homePage.myTestCases" name="randomlyFillCitiesWhenChangeTheLanguge" time="0.552"/>
  <testcase classname="homePage.myTestCases" name="randomlySelectTheNumberOfVistor" time="4.585"/>
  <testcase classname="homePage.myTestCases" name="checkThePageFullyLoded" time="10.208"/>
  <testcase classname="homePage.myTestCases" name="sortThePricesFromLowToHigh" time="1.013"/>
</testsuite> <!-- Default test -->
