<?xml version="1.0" encoding="UTF-8"?>
<!-- Generated by org.testng.reporters.JUnitXMLReporter -->
<testsuite ignored="0" hostname="DESKTOP-SGPLFQ4" failures="0" tests="5" name="Default test" time="3.417" errors="0" timestamp="2024-08-15T21:32:30 EEST">
  <testcase classname="homePage.myTestCases" name="checkTheDefualtLangugeIsEnglish" time="0.077"/>
  <testcase classname="homePage.myTestCases" name="checkTheCurrencyIsSAR" time="0.053"/>
  <testcase classname="homePage.myTestCases" name="checkContactNumber" time="0.036"/>
  <testcase classname="homePage.myTestCases" name="checkQitafLogo" time="0.098"/>
  <testcase classname="homePage.myTestCases" name="TestHotelTabIsNotSelected" time="0.032"/>
</testsuite> <!-- Default test -->
