<?xml version="1.0" encoding="UTF-8"?>
<testng-results ignored="0" total="11" passed="11" failed="0" skipped="0">
  <reporter-output>
  </reporter-output>
  <suite started-at="2024-08-20T17:06:56 EEST" name="Default suite" finished-at="2024-08-20T17:07:16 EEST" duration-ms="20175">
    <groups>
    </groups>
    <test started-at="2024-08-20T17:06:56 EEST" name="Default test" finished-at="2024-08-20T17:07:16 EEST" duration-ms="20175">
      <class name="homePage.myTestCases">
        <test-method is-config="true" signature="mySetup()[pri:0, instance:homePage.myTestCases@4eed46ee]" started-at="2024-08-20T17:06:56 EEST" name="mySetup" finished-at="2024-08-20T17:06:59 EEST" duration-ms="2811" status="PASS">
          <reporter-output>
          </reporter-output>
        </test-method> <!-- mySetup -->
        <test-method signature="checkTheDefualtLangugeIsEnglish()[pri:1, instance:homePage.myTestCases@4eed46ee]" started-at="2024-08-20T17:06:59 EEST" name="checkTheDefualtLangugeIsEnglish" finished-at="2024-08-20T17:06:59 EEST" duration-ms="56" status="PASS">
          <reporter-output>
          </reporter-output>
        </test-method> <!-- checkTheDefualtLangugeIsEnglish -->
        <test-method signature="checkTheCurrencyIsSAR()[pri:2, instance:homePage.myTestCases@4eed46ee]" started-at="2024-08-20T17:06:59 EEST" name="checkTheCurrencyIsSAR" finished-at="2024-08-20T17:06:59 EEST" duration-ms="32" status="PASS">
          <reporter-output>
          </reporter-output>
        </test-method> <!-- checkTheCurrencyIsSAR -->
        <test-method signature="checkContactNumber()[pri:3, instance:homePage.myTestCases@4eed46ee]" started-at="2024-08-20T17:06:59 EEST" name="checkContactNumber" finished-at="2024-08-20T17:06:59 EEST" duration-ms="27" status="PASS">
          <reporter-output>
          </reporter-output>
        </test-method> <!-- checkContactNumber -->
        <test-method signature="checkQitafLogo()[pri:4, instance:homePage.myTestCases@4eed46ee]" started-at="2024-08-20T17:06:59 EEST" name="checkQitafLogo" finished-at="2024-08-20T17:06:59 EEST" duration-ms="67" status="PASS">
          <reporter-output>
          </reporter-output>
        </test-method> <!-- checkQitafLogo -->
        <test-method signature="TestHotelTabIsNotSelected()[pri:5, instance:homePage.myTestCases@4eed46ee]" started-at="2024-08-20T17:06:59 EEST" name="TestHotelTabIsNotSelected" finished-at="2024-08-20T17:06:59 EEST" duration-ms="27" status="PASS">
          <reporter-output>
          </reporter-output>
        </test-method> <!-- TestHotelTabIsNotSelected -->
        <test-method signature="checkDepatuerDate()[pri:6, instance:homePage.myTestCases@4eed46ee]" started-at="2024-08-20T17:06:59 EEST" name="checkDepatuerDate" finished-at="2024-08-20T17:06:59 EEST" duration-ms="48" status="PASS">
          <reporter-output>
          </reporter-output>
        </test-method> <!-- checkDepatuerDate -->
        <test-method signature="randomlyChangeTheLanguge()[pri:7, instance:homePage.myTestCases@4eed46ee]" started-at="2024-08-20T17:06:59 EEST" name="randomlyChangeTheLanguge" finished-at="2024-08-20T17:07:00 EEST" duration-ms="679" status="PASS">
          <reporter-output>
          </reporter-output>
        </test-method> <!-- randomlyChangeTheLanguge -->
        <test-method signature="randomlyFillCitiesWhenChangeTheLanguge()[pri:8, instance:homePage.myTestCases@4eed46ee]" started-at="2024-08-20T17:07:00 EEST" name="randomlyFillCitiesWhenChangeTheLanguge" finished-at="2024-08-20T17:07:00 EEST" duration-ms="552" status="PASS">
          <reporter-output>
          </reporter-output>
        </test-method> <!-- randomlyFillCitiesWhenChangeTheLanguge -->
        <test-method signature="randomlySelectTheNumberOfVistor()[pri:9, instance:homePage.myTestCases@4eed46ee]" started-at="2024-08-20T17:07:00 EEST" name="randomlySelectTheNumberOfVistor" finished-at="2024-08-20T17:07:05 EEST" duration-ms="4585" status="PASS">
          <reporter-output>
          </reporter-output>
        </test-method> <!-- randomlySelectTheNumberOfVistor -->
        <test-method signature="checkThePageFullyLoded()[pri:10, instance:homePage.myTestCases@4eed46ee]" started-at="2024-08-20T17:07:05 EEST" name="checkThePageFullyLoded" finished-at="2024-08-20T17:07:15 EEST" duration-ms="10208" status="PASS">
          <reporter-output>
          </reporter-output>
        </test-method> <!-- checkThePageFullyLoded -->
        <test-method signature="sortThePricesFromLowToHigh()[pri:11, instance:homePage.myTestCases@4eed46ee]" started-at="2024-08-20T17:07:15 EEST" name="sortThePricesFromLowToHigh" finished-at="2024-08-20T17:07:16 EEST" duration-ms="1013" status="PASS">
          <reporter-output>
          </reporter-output>
        </test-method> <!-- sortThePricesFromLowToHigh -->
      </class> <!-- homePage.myTestCases -->
    </test> <!-- Default test -->
  </suite> <!-- Default suite -->
</testng-results>
