<?xml version="1.0" encoding="UTF-8"?>
<testng-results ignored="0" total="4" passed="4" failed="0" skipped="0">
  <reporter-output>
  </reporter-output>
  <suite started-at="2024-08-15T17:03:02 EEST" name="Default suite" finished-at="2024-08-15T17:03:05 EEST" duration-ms="2868">
    <groups>
    </groups>
    <test started-at="2024-08-15T17:03:02 EEST" name="Default test" finished-at="2024-08-15T17:03:05 EEST" duration-ms="2868">
      <class name="homePage.myTestCases">
        <test-method is-config="true" signature="mySetup()[pri:0, instance:homePage.myTestCases@c7a975a]" started-at="2024-08-15T17:03:02 EEST" name="mySetup" finished-at="2024-08-15T17:03:04 EEST" duration-ms="2628" status="PASS">
          <reporter-output>
          </reporter-output>
        </test-method> <!-- mySetup -->
        <test-method signature="checkTheDefualtLangugeIsEnglish()[pri:1, instance:homePage.myTestCases@c7a975a]" started-at="2024-08-15T17:03:04 EEST" name="checkTheDefualtLangugeIsEnglish" finished-at="2024-08-15T17:03:04 EEST" duration-ms="36" status="PASS">
          <reporter-output>
          </reporter-output>
        </test-method> <!-- checkTheDefualtLangugeIsEnglish -->
        <test-method signature="checkTheCurrencyIsSAR()[pri:2, instance:homePage.myTestCases@c7a975a]" started-at="2024-08-15T17:03:04 EEST" name="checkTheCurrencyIsSAR" finished-at="2024-08-15T17:03:04 EEST" duration-ms="62" status="PASS">
          <reporter-output>
          </reporter-output>
        </test-method> <!-- checkTheCurrencyIsSAR -->
        <test-method signature="checkContactNumber()[pri:3, instance:homePage.myTestCases@c7a975a]" started-at="2024-08-15T17:03:04 EEST" name="checkContactNumber" finished-at="2024-08-15T17:03:04 EEST" duration-ms="27" status="PASS">
          <reporter-output>
          </reporter-output>
        </test-method> <!-- checkContactNumber -->
        <test-method signature="checkQitafLogo()[pri:3, instance:homePage.myTestCases@c7a975a]" started-at="2024-08-15T17:03:04 EEST" name="checkQitafLogo" finished-at="2024-08-15T17:03:05 EEST" duration-ms="69" status="PASS">
          <reporter-output>
          </reporter-output>
        </test-method> <!-- checkQitafLogo -->
      </class> <!-- homePage.myTestCases -->
    </test> <!-- Default test -->
  </suite> <!-- Default suite -->
</testng-results>
